2037/06/23 21:48:24 [notice] 1#1: using the "epoll" event method
2037/06/23 21:48:24 [notice] 1#1: nginx/1.21.3
2037/06/23 21:48:24 [notice] 1#1: built by gcc 10.3.1 20210424 (Alpine 10.3.1_git20210424) 
2037/06/23 21:48:24 [notice] 1#1: OS: Linux 5.10.17-v7+
2037/06/23 21:48:24 [notice] 1#1: getrlimit(RLIMIT_NOFILE): 1048576:1048576
2037/06/23 21:48:24 [notice] 1#1: start worker processes
2037/06/23 21:48:24 [notice] 1#1: start worker process 25
2037/06/23 21:48:24 [notice] 1#1: start worker process 26
2037/06/23 21:48:24 [notice] 1#1: start worker process 27
2037/06/23 21:48:24 [notice] 1#1: start worker process 28
2037/06/23 21:34:16 [notice] 1#1: signal 2 (SIGINT) received, exiting
2037/06/23 21:47:04 [notice] 25#25: exiting
2037/06/23 21:47:04 [notice] 26#26: exiting
2037/06/23 21:47:04 [notice] 27#27: exiting
2037/06/23 21:47:04 [notice] 28#28: exiting
2037/06/23 21:47:04 [notice] 26#26: exit
2037/06/23 21:47:04 [notice] 25#25: exit
2037/06/23 21:47:04 [notice] 27#27: exit
2037/06/23 21:47:04 [notice] 28#28: exit
2037/06/23 21:34:16 [notice] 1#1: signal 14 (SIGALRM) received
2037/06/23 21:34:16 [notice] 1#1: signal 17 (SIGCHLD) received from 28
2037/06/23 21:34:16 [notice] 1#1: worker process 26 exited with code 0
2037/06/23 21:34:16 [notice] 1#1: worker process 25 exited with code 0
2037/06/23 21:34:16 [notice] 1#1: worker process 28 exited with code 0
2037/06/23 21:19:28 [notice] 1#1: signal 29 (SIGIO) received
2037/06/23 21:34:16 [notice] 1#1: signal 17 (SIGCHLD) received from 25
2037/06/23 21:34:16 [notice] 1#1: signal 17 (SIGCHLD) received from 27
2037/06/23 21:34:16 [notice] 1#1: worker process 27 exited with code 0
2037/06/23 21:50:40 [notice] 1#1: exit
2037/04/08 23:05:12 [notice] 1#1: using the "epoll" event method
2037/04/08 23:05:12 [notice] 1#1: nginx/1.21.3
2037/04/08 23:05:12 [notice] 1#1: built by gcc 10.3.1 20210424 (Alpine 10.3.1_git20210424) 
2037/04/08 23:05:12 [notice] 1#1: OS: Linux 5.10.17-v7+
2037/04/08 23:05:12 [notice] 1#1: getrlimit(RLIMIT_NOFILE): 1048576:1048576
2037/04/08 23:05:12 [notice] 1#1: start worker processes
2037/04/08 23:05:12 [notice] 1#1: start worker process 25
2037/04/08 23:05:12 [notice] 1#1: start worker process 26
2037/04/08 23:05:12 [notice] 1#1: start worker process 27
2037/04/08 23:05:12 [notice] 1#1: start worker process 28
2037/04/08 22:51:04 [notice] 1#1: signal 3 (SIGQUIT) received, shutting down
2037/04/08 23:03:52 [notice] 25#25: gracefully shutting down
2037/04/08 23:03:52 [notice] 26#26: gracefully shutting down
2037/04/08 23:03:52 [notice] 27#27: gracefully shutting down
2037/04/08 23:03:52 [notice] 28#28: gracefully shutting down
2037/04/08 23:03:52 [notice] 25#25: exiting
2037/04/08 23:03:52 [notice] 26#26: exiting
2037/04/08 23:03:52 [notice] 27#27: exiting
2037/04/08 23:03:52 [notice] 28#28: exiting
2037/04/08 23:03:52 [notice] 25#25: exit
2037/04/08 23:03:52 [notice] 27#27: exit
2037/04/08 23:03:52 [notice] 26#26: exit
2037/04/08 23:03:52 [notice] 28#28: exit
2037/04/08 22:51:04 [notice] 1#1: signal 17 (SIGCHLD) received from 27
2037/04/08 22:51:04 [notice] 1#1: worker process 26 exited with code 0
2037/04/08 22:51:04 [notice] 1#1: worker process 27 exited with code 0
2037/04/08 22:51:04 [notice] 1#1: signal 29 (SIGIO) received
2037/04/08 22:51:04 [notice] 1#1: signal 17 (SIGCHLD) received from 25
2037/04/08 22:51:04 [notice] 1#1: worker process 25 exited with code 0
2037/04/08 22:51:04 [notice] 1#1: signal 17 (SIGCHLD) received from 28
2037/04/08 22:51:04 [notice] 1#1: worker process 28 exited with code 0
2037/04/08 23:07:28 [notice] 1#1: exit
2037/06/08 19:59:36 [warn] 1#1: the "user" directive makes sense only if the master process runs with super-user privileges, ignored in /etc/nginx/nginx.conf:2
2037/06/08 19:59:36 [emerg] 1#1: mkdir() "/var/cache/nginx/client_temp" failed (13: Permission denied)
2037/05/06 03:02:00 [notice] 1#1: using the "epoll" event method
2037/05/06 03:02:00 [notice] 1#1: nginx/1.21.3
2037/05/06 03:02:00 [notice] 1#1: built by gcc 10.3.1 20210424 (Alpine 10.3.1_git20210424) 
2037/05/06 03:02:00 [notice] 1#1: OS: Linux 5.10.17-v7+
2037/05/06 03:02:00 [notice] 1#1: getrlimit(RLIMIT_NOFILE): 1048576:1048576
2037/05/06 03:02:00 [notice] 1#1: start worker processes
2037/05/06 03:02:00 [notice] 1#1: start worker process 24
2037/05/06 03:02:00 [notice] 1#1: start worker process 25
2037/05/06 03:02:00 [notice] 1#1: start worker process 26
2037/05/06 03:02:00 [notice] 1#1: start worker process 27
2037/05/06 03:00:40 [error] 24#24: *1 directory index of "/usr/share/nginx/html/" is forbidden, client: 10.0.0.155, server: localhost, request: "GET / HTTP/1.1", host: "pi"
2037/05/06 03:00:40 [error] 24#24: *1 open() "/usr/share/nginx/html/favicon.ico" failed (2: No such file or directory), client: 10.0.0.155, server: localhost, request: "GET /favicon.ico HTTP/1.1", host: "pi", referrer: "http://pi/"
2037/05/06 03:00:40 [error] 24#24: *1 directory index of "/usr/share/nginx/html/" is forbidden, client: 10.0.0.155, server: localhost, request: "GET / HTTP/1.1", host: "pi"
2037/05/06 02:47:52 [notice] 1#1: signal 3 (SIGQUIT) received, shutting down
2037/05/06 03:00:40 [notice] 24#24: gracefully shutting down
2037/05/06 03:00:40 [notice] 25#25: gracefully shutting down
2037/05/06 03:00:40 [notice] 26#26: gracefully shutting down
2037/05/06 03:00:40 [notice] 27#27: gracefully shutting down
2037/05/06 03:00:40 [notice] 25#25: exiting
2037/05/06 03:00:40 [notice] 26#26: exiting
2037/05/06 03:00:40 [notice] 27#27: exiting
2037/05/06 03:00:40 [notice] 25#25: exit
2037/05/06 03:00:40 [notice] 26#26: exit
2037/05/06 03:00:40 [notice] 27#27: exit
2037/05/06 02:47:52 [notice] 1#1: signal 17 (SIGCHLD) received from 25
2037/05/06 02:47:52 [notice] 1#1: worker process 25 exited with code 0
2037/05/06 02:47:52 [notice] 1#1: worker process 26 exited with code 0
2037/05/06 02:47:52 [notice] 1#1: signal 29 (SIGIO) received
2037/05/06 02:47:52 [notice] 1#1: signal 17 (SIGCHLD) received from 27
2037/05/06 02:47:52 [notice] 1#1: worker process 27 exited with code 0
2037/05/06 02:47:52 [notice] 1#1: signal 29 (SIGIO) received
2037/05/05 03:08:24 [notice] 1#1: using the "epoll" event method
2037/05/05 03:08:24 [notice] 1#1: nginx/1.21.3
2037/05/05 03:08:24 [notice] 1#1: built by gcc 10.3.1 20210424 (Alpine 10.3.1_git20210424) 
2037/05/05 03:08:24 [notice] 1#1: OS: Linux 5.10.17-v7+
2037/05/05 03:08:24 [notice] 1#1: getrlimit(RLIMIT_NOFILE): 1048576:1048576
2037/05/05 03:08:24 [notice] 1#1: start worker processes
2037/05/05 03:08:24 [notice] 1#1: start worker process 25
2037/05/05 03:08:24 [notice] 1#1: start worker process 26
2037/05/05 03:08:24 [notice] 1#1: start worker process 27
2037/05/05 03:08:24 [notice] 1#1: start worker process 28
2037/05/05 02:54:16 [notice] 1#1: signal 3 (SIGQUIT) received, shutting down
2037/05/05 03:07:04 [notice] 25#25: gracefully shutting down
2037/05/05 03:07:04 [notice] 26#26: gracefully shutting down
2037/05/05 03:07:04 [notice] 27#27: gracefully shutting down
2037/05/05 03:07:04 [notice] 28#28: gracefully shutting down
2037/05/05 03:07:04 [notice] 25#25: exiting
2037/05/05 03:07:04 [notice] 26#26: exiting
2037/05/05 03:07:04 [notice] 27#27: exiting
2037/05/05 03:07:04 [notice] 28#28: exiting
2037/05/05 03:07:04 [notice] 26#26: exit
2037/05/05 03:07:04 [notice] 25#25: exit
2037/05/05 03:07:04 [notice] 27#27: exit
2037/05/05 03:07:04 [notice] 28#28: exit
2037/05/05 02:54:16 [notice] 1#1: signal 17 (SIGCHLD) received from 25
2037/05/05 02:54:16 [notice] 1#1: worker process 25 exited with code 0
2037/05/05 02:54:16 [notice] 1#1: worker process 26 exited with code 0
2037/05/05 02:54:16 [notice] 1#1: worker process 27 exited with code 0
2037/05/05 02:54:16 [notice] 1#1: worker process 28 exited with code 0
2037/05/05 03:10:40 [notice] 1#1: exit
2037/05/04 20:18:48 [notice] 1#1: using the "epoll" event method
2037/05/04 20:18:48 [notice] 1#1: nginx/1.21.3
2037/05/04 20:18:48 [notice] 1#1: built by gcc 10.3.1 20210424 (Alpine 10.3.1_git20210424) 
2037/05/04 20:18:48 [notice] 1#1: OS: Linux 5.10.17-v7+
2037/05/04 20:18:48 [notice] 1#1: getrlimit(RLIMIT_NOFILE): 1048576:1048576
2037/05/04 20:18:48 [notice] 1#1: start worker processes
2037/05/04 20:18:48 [notice] 1#1: start worker process 25
2037/05/04 20:18:48 [notice] 1#1: start worker process 26
2037/05/04 20:18:48 [notice] 1#1: start worker process 27
2037/05/04 20:18:48 [notice] 1#1: start worker process 28
